Sat Sep 14 01:19:30 UTC 2019
/out/freesurfer/sub-THP0005
/opt/freesurfer/bin/recon-all
-autorecon-hemi rh -noparcstats -nocortparc2 -noparcstats2 -nocortparc3 -noparcstats3 -nopctsurfcon -nohyporelabel -noaparc2aseg -noapas2aseg -nosegstats -nowmparc -nobalabels -openmp 8 -subjid sub-THP0005 -sd /out/freesurfer
subjid sub-THP0005
setenv SUBJECTS_DIR /out/freesurfer
FREESURFER_HOME /opt/freesurfer
Actual FREESURFER_HOME /opt/freesurfer
build-stamp.txt: freesurfer-Linux-centos6_x86_64-stable-pub-v6.0.1-f53a55a
Linux 084d7ded04c6 4.4.0-148-generic #174~14.04.1-Ubuntu SMP Thu May 9 08:17:37 UTC 2019 x86_64 x86_64 x86_64 GNU/Linux
cputime      unlimited
filesize     unlimited
datasize     unlimited
stacksize    8192 kbytes
coredumpsize 0 kbytes
memoryuse    unlimited
vmemoryuse   unlimited
descriptors  524288 
memorylocked 64 kbytes
maxproc      unlimited
maxlocks     unlimited
maxsignal    1547407 
maxmessage   819200 
maxnice      0 
maxrtprio    0 
maxrttime    unlimited

              total        used        free      shared  buff/cache   available
Mem:      396164608    33159340   297087080      100848    65918188   361518432
Swap:      46874616           0    46874616

########################################
program versions used
$Id: recon-all,v 1.580.2.16 2017/01/18 14:11:24 zkaufman Exp $
$Id: mri_motion_correct.fsl,v 1.15 2016/02/16 17:17:20 zkaufman Exp $
mri_convert.bin -all-info 
ProgramName: mri_convert.bin  ProgramArguments: -all-info  ProgramVersion: $Name: stable6 $  TimeStamp: 2019/09/14-01:19:30-GMT  BuildTimeStamp: Oct 20 2017 13:59:15  CVS: $Id: mri_convert.c,v 1.226 2016/02/26 16:15:24 mreuter Exp $  User: root  Machine: 084d7ded04c6  Platform: Linux  PlatformVersion: 4.4.0-148-generic  CompilerName: GCC  CompilerVersion: 40400 
FLIRT version 5.5
$Id: talairach_avi,v 1.13 2015/12/23 04:25:17 greve Exp $
mri_convert.bin --version 
stable6
ProgramName: tkregister2_cmdl  ProgramArguments: --all-info  ProgramVersion: $Name: stable6 $  TimeStamp: 2019/09/14-01:19:31-GMT  BuildTimeStamp: Oct 20 2017 13:59:15  CVS: $Id: tkregister2.c,v 1.132.2.1 2016/08/02 21:17:29 greve Exp $  User: root  Machine: 084d7ded04c6  Platform: Linux  PlatformVersion: 4.4.0-148-generic  CompilerName: GCC  CompilerVersion: 40400 
Program nu_correct, built from:
Package MNI N3, version 1.12.0, compiled by nicks@terrier (x86_64-unknown-linux-gnu) on 2015-06-19 at 01:25:34
ProgramName: mri_make_uchar  ProgramArguments: -all-info  ProgramVersion: $Name: stable6 $  TimeStamp: 2019/09/14-01:19:31-GMT  BuildTimeStamp: Oct 20 2017 13:59:15  CVS: $Id: mri_make_uchar.c,v 1.4 2011/03/02 00:04:14 nicks Exp $  User: root  Machine: 084d7ded04c6  Platform: Linux  PlatformVersion: 4.4.0-148-generic  CompilerName: GCC  CompilerVersion: 40400 
ProgramName: mri_normalize  ProgramArguments: -all-info  ProgramVersion: $Name:  $  TimeStamp: 2019/09/14-01:19:31-GMT  BuildTimeStamp: Oct 20 2017 13:59:15  CVS: $Id: mri_normalize.c,v 1.88.2.3 2016/12/27 16:47:13 zkaufman Exp $  User: root  Machine: 084d7ded04c6  Platform: Linux  PlatformVersion: 4.4.0-148-generic  CompilerName: GCC  CompilerVersion: 40400 
ProgramName: mri_watershed  ProgramArguments: -all-info  ProgramVersion: $Name: stable6 $  TimeStamp: 2019/09/14-01:19:31-GMT  BuildTimeStamp: Oct 20 2017 13:59:15  CVS: $Id: mri_watershed.cpp,v 1.103 2016/06/17 18:00:49 zkaufman Exp $  User: root  Machine: 084d7ded04c6  Platform: Linux  PlatformVersion: 4.4.0-148-generic  CompilerName: GCC  CompilerVersion: 40400 
ProgramName: mri_gcut  ProgramArguments: -all-info  ProgramVersion: $Name: stable6 $  TimeStamp: 2019/09/14-01:19:31-GMT  BuildTimeStamp: Oct 20 2017 13:59:15  CVS: $Id: mri_gcut.cpp,v 1.14 2011/03/02 00:04:16 nicks Exp $  User: root  Machine: 084d7ded04c6  Platform: Linux  PlatformVersion: 4.4.0-148-generic  CompilerName: GCC  CompilerVersion: 40400 
ProgramName: mri_segment  ProgramArguments: -all-info  ProgramVersion: $Name:  $  TimeStamp: 2019/09/14-01:19:32-GMT  BuildTimeStamp: Oct 20 2017 13:59:15  CVS: $Id: mri_segment.c,v 1.43.2.1 2016/10/27 22:24:52 zkaufman Exp $  User: root  Machine: 084d7ded04c6  Platform: Linux  PlatformVersion: 4.4.0-148-generic  CompilerName: GCC  CompilerVersion: 40400 
ProgramName: mri_label2label.bin  ProgramArguments: -all-info  ProgramVersion: $Name:  $  TimeStamp: 2019/09/14-01:19:32-GMT  BuildTimeStamp: Oct 20 2017 13:59:15  CVS: $Id: mri_label2label.c,v 1.48.2.2 2016/12/12 14:15:26 zkaufman Exp $  User: root  Machine: 084d7ded04c6  Platform: Linux  PlatformVersion: 4.4.0-148-generic  CompilerName: GCC  CompilerVersion: 40400 
ProgramName: mri_em_register  ProgramArguments: -all-info  ProgramVersion: $Name:  $  TimeStamp: 2019/09/14-01:19:32-GMT  BuildTimeStamp: Oct 20 2017 13:59:15  CVS: $Id: mri_em_register.c,v 1.105.2.1 2016/10/27 22:25:10 zkaufman Exp $  User: root  Machine: 084d7ded04c6  Platform: Linux  PlatformVersion: 4.4.0-148-generic  CompilerName: GCC  CompilerVersion: 40400 
ProgramName: mri_ca_normalize  ProgramArguments: -all-info  ProgramVersion: $Name:  $  TimeStamp: 2019/09/14-01:19:32-GMT  BuildTimeStamp: Oct 20 2017 13:59:15  CVS: $Id: mri_ca_normalize.c,v 1.67.2.2 2016/10/27 22:25:09 zkaufman Exp $  User: root  Machine: 084d7ded04c6  Platform: Linux  PlatformVersion: 4.4.0-148-generic  CompilerName: GCC  CompilerVersion: 40400 
ProgramName: mri_ca_register  ProgramArguments: -all-info  ProgramVersion: $Name:  $  TimeStamp: 2019/09/14-01:19:32-GMT  BuildTimeStamp: Oct 20 2017 13:59:15  CVS: $Id: mri_ca_register.c,v 1.96.2.3 2016/10/27 22:25:10 zkaufman Exp $  User: root  Machine: 084d7ded04c6  Platform: Linux  PlatformVersion: 4.4.0-148-generic  CompilerName: GCC  CompilerVersion: 40400 
ProgramName: mri_ca_label  ProgramArguments: -all-info  ProgramVersion: $Name:  $  TimeStamp: 2019/09/14-01:19:32-GMT  BuildTimeStamp: Oct 20 2017 13:59:15  CVS: $Id: mri_ca_label.c,v 1.113.2.2 2016/10/27 22:25:10 zkaufman Exp $  User: root  Machine: 084d7ded04c6  Platform: Linux  PlatformVersion: 4.4.0-148-generic  CompilerName: GCC  CompilerVersion: 40400 
ProgramName: mri_pretess  ProgramArguments: -all-info  ProgramVersion: $Name: stable6 $  TimeStamp: 2019/09/14-01:19:32-GMT  BuildTimeStamp: Oct 20 2017 13:59:15  CVS: $Id: mri_pretess.c,v 1.22 2013/08/30 18:12:25 mreuter Exp $  User: root  Machine: 084d7ded04c6  Platform: Linux  PlatformVersion: 4.4.0-148-generic  CompilerName: GCC  CompilerVersion: 40400 
ProgramName: mri_fill  ProgramArguments: -all-info  ProgramVersion: $Name: stable6 $  TimeStamp: 2019/09/14-01:19:33-GMT  BuildTimeStamp: Oct 20 2017 13:59:15  CVS: $Id: mri_fill.c,v 1.119 2011/10/25 14:09:58 fischl Exp $  User: root  Machine: 084d7ded04c6  Platform: Linux  PlatformVersion: 4.4.0-148-generic  CompilerName: GCC  CompilerVersion: 40400 
ProgramName: mri_tessellate  ProgramArguments: -all-info  ProgramVersion: $Name:  $  TimeStamp: 2019/09/14-01:19:33-GMT  BuildTimeStamp: Oct 20 2017 13:59:15  CVS: $Id: mri_tessellate.c,v 1.38.2.1 2016/07/26 18:46:38 zkaufman Exp $  User: root  Machine: 084d7ded04c6  Platform: Linux  PlatformVersion: 4.4.0-148-generic  CompilerName: GCC  CompilerVersion: 40400 
ProgramName: mri_concatenate_lta.bin  ProgramArguments: -all-info  ProgramVersion: $Name: stable6 $  TimeStamp: 2019/09/14-01:19:33-GMT  BuildTimeStamp: Oct 20 2017 13:59:15  CVS: $Id: mri_concatenate_lta.c,v 1.16 2015/11/21 00:06:20 greve Exp $  User: root  Machine: 084d7ded04c6  Platform: Linux  PlatformVersion: 4.4.0-148-generic  CompilerName: GCC  CompilerVersion: 40400 
ProgramName: mri_normalize_tp2  ProgramArguments: -all-info  ProgramVersion: $Name: stable6 $  TimeStamp: 2019/09/14-01:19:33-GMT  BuildTimeStamp: Oct 20 2017 13:59:15  CVS: $Id: mri_normalize_tp2.c,v 1.8 2011/03/02 00:04:23 nicks Exp $  User: root  Machine: 084d7ded04c6  Platform: Linux  PlatformVersion: 4.4.0-148-generic  CompilerName: GCC  CompilerVersion: 40400 
ProgramName: mris_smooth  ProgramArguments: -all-info  ProgramVersion: $Name: stable6 $  TimeStamp: 2019/09/14-01:19:33-GMT  BuildTimeStamp: Oct 20 2017 13:59:15  CVS: $Id: mris_smooth.c,v 1.30 2014/01/21 18:48:21 fischl Exp $  User: root  Machine: 084d7ded04c6  Platform: Linux  PlatformVersion: 4.4.0-148-generic  CompilerName: GCC  CompilerVersion: 40400 
ProgramName: mris_inflate  ProgramArguments: -all-info  ProgramVersion: $Name: stable6 $  TimeStamp: 2019/09/14-01:19:33-GMT  BuildTimeStamp: Oct 20 2017 13:59:15  CVS: $Id: mris_inflate.c,v 1.45 2016/01/20 23:42:15 greve Exp $  User: root  Machine: 084d7ded04c6  Platform: Linux  PlatformVersion: 4.4.0-148-generic  CompilerName: GCC  CompilerVersion: 40400 
ProgramName: mris_curvature  ProgramArguments: -all-info  ProgramVersion: $Name: stable6 $  TimeStamp: 2019/09/14-01:19:34-GMT  BuildTimeStamp: Oct 20 2017 13:59:15  CVS: $Id: mris_curvature.c,v 1.31 2011/03/02 00:04:30 nicks Exp $  User: root  Machine: 084d7ded04c6  Platform: Linux  PlatformVersion: 4.4.0-148-generic  CompilerName: GCC  CompilerVersion: 40400 
ProgramName: mris_sphere  ProgramArguments: -all-info  ProgramVersion: $Name: stable6 $  TimeStamp: 2019/09/14-01:19:34-GMT  BuildTimeStamp: Oct 20 2017 13:59:15  CVS: $Id: mris_sphere.c,v 1.61 2016/01/20 23:42:15 greve Exp $  User: root  Machine: 084d7ded04c6  Platform: Linux  PlatformVersion: 4.4.0-148-generic  CompilerName: GCC  CompilerVersion: 40400 
ProgramName: mris_fix_topology  ProgramArguments: -all-info  ProgramVersion: $Name:  $  TimeStamp: 2019/09/14-01:19:34-GMT  BuildTimeStamp: Oct 20 2017 13:59:15  CVS: $Id: mris_fix_topology.c,v 1.50.2.1 2016/10/27 22:25:58 zkaufman Exp $  User: root  Machine: 084d7ded04c6  Platform: Linux  PlatformVersion: 4.4.0-148-generic  CompilerName: GCC  CompilerVersion: 40400 
ProgramName: mris_topo_fixer  ProgramArguments: -all-info  ProgramVersion: $Name: stable6 $  TimeStamp: 2019/09/14-01:19:34-GMT  BuildTimeStamp: Oct 20 2017 13:59:15  CVS: $Id: mris_topo_fixer.cpp,v 1.29 2011/03/02 00:04:34 nicks Exp $  User: root  Machine: 084d7ded04c6  Platform: Linux  PlatformVersion: 4.4.0-148-generic  CompilerName: GCC  CompilerVersion: 40400 
ProgramName: mris_ca_label  ProgramArguments: -all-info  ProgramVersion: $Name: stable6 $  TimeStamp: 2019/09/14-01:19:34-GMT  BuildTimeStamp: Oct 20 2017 13:59:15  CVS: $Id: mris_ca_label.c,v 1.37 2014/02/04 17:46:42 fischl Exp $  User: root  Machine: 084d7ded04c6  Platform: Linux  PlatformVersion: 4.4.0-148-generic  CompilerName: GCC  CompilerVersion: 40400 
ProgramName: mris_euler_number  ProgramArguments: -all-info  ProgramVersion: $Name: stable6 $  TimeStamp: 2019/09/14-01:19:34-GMT  BuildTimeStamp: Oct 20 2017 13:59:15  CVS: $Id: mris_euler_number.c,v 1.10 2013/01/14 22:39:14 greve Exp $  User: root  Machine: 084d7ded04c6  Platform: Linux  PlatformVersion: 4.4.0-148-generic  CompilerName: GCC  CompilerVersion: 40400 
ProgramName: mris_make_surfaces  ProgramArguments: -all-info  ProgramVersion: $Name:  $  TimeStamp: 2019/09/14-01:19:34-GMT  BuildTimeStamp: Oct 20 2017 13:59:15  CVS: $Id: mris_make_surfaces.c,v 1.164.2.4 2016/12/13 22:26:32 zkaufman Exp $  User: root  Machine: 084d7ded04c6  Platform: Linux  PlatformVersion: 4.4.0-148-generic  CompilerName: GCC  CompilerVersion: 40400 
ProgramName: mris_register  ProgramArguments: -all-info  ProgramVersion: $Name: stable6 $  TimeStamp: 2019/09/14-01:19:35-GMT  BuildTimeStamp: Oct 20 2017 13:59:15  CVS: $Id: mris_register.c,v 1.63 2016/01/20 23:43:04 greve Exp $  User: root  Machine: 084d7ded04c6  Platform: Linux  PlatformVersion: 4.4.0-148-generic  CompilerName: GCC  CompilerVersion: 40400 
ProgramName: mris_volmask  ProgramArguments: --all-info  ProgramVersion: $Name:  $  TimeStamp: 2019/09/14-01:19:35-GMT  BuildTimeStamp: Oct 20 2017 13:59:15  CVS: $Id: mris_volmask.cpp,v 1.26.2.2 2016/11/18 20:05:18 zkaufman Exp $  User: root  Machine: 084d7ded04c6  Platform: Linux  PlatformVersion: 4.4.0-148-generic  CompilerName: GCC  CompilerVersion: 40400 
ProgramName: mris_anatomical_stats  ProgramArguments: -all-info  ProgramVersion: $Name: stable6 $  TimeStamp: 2019/09/14-01:19:35-GMT  BuildTimeStamp: Oct 20 2017 13:59:15  CVS: $Id: mris_anatomical_stats.c,v 1.79 2016/03/14 15:15:34 greve Exp $  User: root  Machine: 084d7ded04c6  Platform: Linux  PlatformVersion: 4.4.0-148-generic  CompilerName: GCC  CompilerVersion: 40400 
ProgramName: mrisp_paint  ProgramArguments: -all-info  ProgramVersion: $Name: stable6 $  TimeStamp: 2019/09/14-01:19:35-GMT  BuildTimeStamp: Oct 20 2017 13:59:15  CVS: $Id: mrisp_paint.c,v 1.12 2016/03/22 14:47:57 fischl Exp $  User: root  Machine: 084d7ded04c6  Platform: Linux  PlatformVersion: 4.4.0-148-generic  CompilerName: GCC  CompilerVersion: 40400 
ProgramName: mris_curvature_stats  ProgramArguments: -all-info  ProgramVersion: $Name: stable6 $  TimeStamp: 2019/09/14-01:19:35-GMT  BuildTimeStamp: Oct 20 2017 13:59:15  CVS: $Id: mris_curvature_stats.c,v 1.65 2015/06/04 20:50:51 nicks Exp $  User: root  Machine: 084d7ded04c6  Platform: Linux  PlatformVersion: 4.4.0-148-generic  CompilerName: GCC  CompilerVersion: 40400 
ProgramName: mris_calc  ProgramArguments: -all-info  ProgramVersion: $Name: stable6 $  TimeStamp: 2019/09/14-01:19:35-GMT  BuildTimeStamp: Oct 20 2017 13:59:15  CVS: $Id: mris_calc.c,v 1.54.2.1 2016/09/27 18:51:28 greve Exp $  User: root  Machine: 084d7ded04c6  Platform: Linux  PlatformVersion: 4.4.0-148-generic  CompilerName: GCC  CompilerVersion: 40400 
$Id: mri_robust_register.cpp,v 1.77 2016/01/20 23:36:17 greve Exp $

ProgramName: mri_robust_register.bin  ProgramArguments: -all-info  ProgramVersion: $Name: stable6 $  TimeStamp: 2019/09/14-01:19:35-GMT  BuildTimeStamp: Oct 20 2017 13:59:15  CVS: $Id: mri_robust_register.cpp,v 1.77 2016/01/20 23:36:17 greve Exp $  User: root  Machine: 084d7ded04c6  Platform: Linux  PlatformVersion: 4.4.0-148-generic  CompilerName: GCC  CompilerVersion: 40400 
$Id: mri_robust_template.cpp,v 1.54 2016/05/05 21:17:08 mreuter Exp $

ProgramName: mri_robust_template  ProgramArguments: -all-info  ProgramVersion: $Name: stable6 $  TimeStamp: 2019/09/14-01:19:36-GMT  BuildTimeStamp: Oct 20 2017 13:59:15  CVS: $Id: mri_robust_template.cpp,v 1.54 2016/05/05 21:17:08 mreuter Exp $  User: root  Machine: 084d7ded04c6  Platform: Linux  PlatformVersion: 4.4.0-148-generic  CompilerName: GCC  CompilerVersion: 40400 
ProgramName: mri_and  ProgramArguments: -all-info  ProgramVersion: $Name: stable6 $  TimeStamp: 2019/09/14-01:19:36-GMT  BuildTimeStamp: Oct 20 2017 13:59:15  CVS: $Id: mri_and.c,v 1.4 2011/03/02 00:04:13 nicks Exp $  User: root  Machine: 084d7ded04c6  Platform: Linux  PlatformVersion: 4.4.0-148-generic  CompilerName: GCC  CompilerVersion: 40400 
ProgramName: mri_or  ProgramArguments: -all-info  ProgramVersion: $Name: stable6 $  TimeStamp: 2019/09/14-01:19:36-GMT  BuildTimeStamp: Oct 20 2017 13:59:15  CVS: $Id: mri_or.c,v 1.5 2013/03/20 15:03:29 lzollei Exp $  User: root  Machine: 084d7ded04c6  Platform: Linux  PlatformVersion: 4.4.0-148-generic  CompilerName: GCC  CompilerVersion: 40400 
ProgramName: mri_fuse_segmentations  ProgramArguments: -all-info  ProgramVersion: $Name: stable6 $  TimeStamp: 2019/09/14-01:19:36-GMT  BuildTimeStamp: Oct 20 2017 13:59:15  CVS: $Id: mri_fuse_segmentations.c,v 1.8 2011/03/02 00:04:15 nicks Exp $  User: root  Machine: 084d7ded04c6  Platform: Linux  PlatformVersion: 4.4.0-148-generic  CompilerName: GCC  CompilerVersion: 40400 
ProgramName: mri_segstats  ProgramArguments: -all-info  ProgramVersion: $Name: stable6 $  TimeStamp: 2019/09/14-01:19:36-GMT  BuildTimeStamp: Oct 20 2017 13:59:15  CVS: $Id: mri_segstats.c,v 1.121 2016/05/31 17:27:11 greve Exp $  User: root  Machine: 084d7ded04c6  Platform: Linux  PlatformVersion: 4.4.0-148-generic  CompilerName: GCC  CompilerVersion: 40400 
ProgramName: mri_relabel_hypointensities  ProgramArguments: -all-info  ProgramVersion: $Name: stable6 $  TimeStamp: 2019/09/14-01:19:36-GMT  BuildTimeStamp: Oct 20 2017 13:59:15  CVS: $Id: mri_relabel_hypointensities.c,v 1.13 2015/05/15 18:44:10 nicks Exp $  User: root  Machine: 084d7ded04c6  Platform: Linux  PlatformVersion: 4.4.0-148-generic  CompilerName: GCC  CompilerVersion: 40400 
#######################################
GCADIR /opt/freesurfer/average
GCA RB_all_2016-05-10.vc700.gca
GCASkull RB_all_withskull_2016-05-10.vc700.gca
AvgCurvTif folding.atlas.acfb40.noaparc.i12.2016-08-02.tif
GCSDIR /opt/freesurfer/average
GCS DKaparc.atlas.acfb40.noaparc.i12.2016-08-02.gcs
#######################################
#--------------------------------------------
#@# Tessellate rh Sat Sep 14 01:19:37 UTC 2019
/out/freesurfer/sub-THP0005/scripts

 mri_pretess ../mri/filled.mgz 127 ../mri/norm.mgz ../mri/filled-pretess127.mgz 


Iteration Number : 1
pass   1 (xy+):   0 found -   0 modified     |    TOTAL:   0
pass   1 (xy-):   0 found -   0 modified     |    TOTAL:   0
pass   1 (yz+):   0 found -   0 modified     |    TOTAL:   0
pass   1 (yz-):   0 found -   0 modified     |    TOTAL:   0
pass   1 (xz+):   0 found -   0 modified     |    TOTAL:   0
pass   1 (xz-):   0 found -   0 modified     |    TOTAL:   0
Iteration Number : 1
pass   1 (+++):   0 found -   0 modified     |    TOTAL:   0
pass   1 (+++):   0 found -   0 modified     |    TOTAL:   0
pass   1 (+++):   0 found -   0 modified     |    TOTAL:   0
pass   1 (+++):   0 found -   0 modified     |    TOTAL:   0
Iteration Number : 1
pass   1 (++):   0 found -   0 modified     |    TOTAL:   0
pass   1 (+-):   0 found -   0 modified     |    TOTAL:   0
pass   1 (--):   0 found -   0 modified     |    TOTAL:   0
pass   1 (-+):   0 found -   0 modified     |    TOTAL:   0

Total Number of Modified Voxels = 0 (out of 264997: 0.000000)
Ambiguous edge configurations... 

mri_pretess done


 mri_tessellate ../mri/filled-pretess127.mgz 127 ../surf/rh.orig.nofix 

$Id: mri_tessellate.c,v 1.38.2.1 2016/07/26 18:46:38 zkaufman Exp $
  $Id: mrisurf.c,v 1.781.2.6 2016/12/27 16:47:14 zkaufman Exp $
slice 40: 145 vertices, 171 faces
slice 50: 3413 vertices, 3577 faces
slice 60: 9677 vertices, 9949 faces
slice 70: 18921 vertices, 19245 faces
slice 80: 30424 vertices, 30829 faces
slice 90: 41879 vertices, 42216 faces
slice 100: 53872 vertices, 54274 faces
slice 110: 65924 vertices, 66327 faces
slice 120: 78377 vertices, 78823 faces
slice 130: 90449 vertices, 90835 faces
slice 140: 100817 vertices, 101200 faces
slice 150: 109251 vertices, 109540 faces
slice 160: 116780 vertices, 117070 faces
slice 170: 123425 vertices, 123686 faces
slice 180: 128759 vertices, 128967 faces
slice 190: 132304 vertices, 132412 faces
slice 200: 132856 vertices, 132890 faces
slice 210: 132856 vertices, 132890 faces
slice 220: 132856 vertices, 132890 faces
slice 230: 132856 vertices, 132890 faces
slice 240: 132856 vertices, 132890 faces
slice 250: 132856 vertices, 132890 faces
using the conformed surface RAS to save vertex points...
writing ../surf/rh.orig.nofix
using vox2ras matrix:
-1.00000   0.00000   0.00000   128.00000;
 0.00000   0.00000   1.00000  -128.00000;
 0.00000  -1.00000   0.00000   128.00000;
 0.00000   0.00000   0.00000   1.00000;

 rm -f ../mri/filled-pretess127.mgz 


 mris_extract_main_component ../surf/rh.orig.nofix ../surf/rh.orig.nofix 


counting number of connected components...
   132856 voxel in cpt #1: X=-34 [v=132856,e=398670,f=265780] located at (24.145880, -17.102968, 5.615870)
For the whole surface: X=-34 [v=132856,e=398670,f=265780]
One single component has been found
nothing to do
done

#--------------------------------------------
#@# Smooth1 rh Sat Sep 14 01:19:41 UTC 2019
/out/freesurfer/sub-THP0005/scripts

 mris_smooth -nw -seed 1234 ../surf/rh.orig.nofix ../surf/rh.smoothwm.nofix 

setting seed for random number generator to 1234
smoothing surface tessellation for 10 iterations...
smoothing complete - recomputing first and second fundamental forms...
#--------------------------------------------
#@# Inflation1 rh Sat Sep 14 01:19:47 UTC 2019
/out/freesurfer/sub-THP0005/scripts

 mris_inflate -no-save-sulc ../surf/rh.smoothwm.nofix ../surf/rh.inflated.nofix 

Not saving sulc
Reading ../surf/rh.smoothwm.nofix
avg radius = 44.6 mm, total surface area = 69838 mm^2
writing inflated surface to ../surf/rh.inflated.nofix
inflation took 0.2 minutes
step 000: RMS=0.154 (target=0.015)   step 005: RMS=0.115 (target=0.015)   step 010: RMS=0.084 (target=0.015)   step 015: RMS=0.070 (target=0.015)   step 020: RMS=0.060 (target=0.015)   step 025: RMS=0.053 (target=0.015)   step 030: RMS=0.046 (target=0.015)   step 035: RMS=0.042 (target=0.015)   step 040: RMS=0.039 (target=0.015)   step 045: RMS=0.037 (target=0.015)   step 050: RMS=0.036 (target=0.015)   step 055: RMS=0.035 (target=0.015)   step 060: RMS=0.034 (target=0.015)   
inflation complete.
Not saving sulc
mris_inflate utimesec    50.272000
mris_inflate stimesec    0.732000
mris_inflate ru_maxrss   215936
mris_inflate ru_ixrss    0
mris_inflate ru_idrss    0
mris_inflate ru_isrss    0
mris_inflate ru_minflt   339788
mris_inflate ru_majflt   0
mris_inflate ru_nswap    0
mris_inflate ru_inblock  0
mris_inflate ru_oublock  9352
mris_inflate ru_msgsnd   0
mris_inflate ru_msgrcv   0
mris_inflate ru_nsignals 0
mris_inflate ru_nvcsw    78707
mris_inflate ru_nivcsw   97
#--------------------------------------------
#@# QSphere rh Sat Sep 14 01:19:59 UTC 2019
/out/freesurfer/sub-THP0005/scripts

 mris_sphere -q -seed 1234 ../surf/rh.inflated.nofix ../surf/rh.qsphere.nofix 

doing quick spherical unfolding.
setting seed for random number genererator to 1234
$Id: mris_sphere.c,v 1.61 2016/01/20 23:42:15 greve Exp $
  $Id: mrisurf.c,v 1.781.2.6 2016/12/27 16:47:14 zkaufman Exp $
reading original vertex positions...
unfolding cortex into spherical form...
surface projected - minimizing metric distortion...
vertex spacing 1.02 +- 0.56 (0.00-->7.13) (max @ vno 48491 --> 48492)
face area 0.03 +- 0.03 (-0.38-->0.77)

== Number of threads available to mris_sphere for OpenMP = 8 == 
scaling brain by 0.328...
inflating to sphere (rms error < 2.00)
000: dt: 0.0000, rms radial error=176.419, avgs=0
005/300: dt: 0.9000, rms radial error=176.158, avgs=0
010/300: dt: 0.9000, rms radial error=175.599, avgs=0
015/300: dt: 0.9000, rms radial error=174.865, avgs=0
020/300: dt: 0.9000, rms radial error=174.030, avgs=0
025/300: dt: 0.9000, rms radial error=173.138, avgs=0
030/300: dt: 0.9000, rms radial error=172.215, avgs=0
035/300: dt: 0.9000, rms radial error=171.281, avgs=0
040/300: dt: 0.9000, rms radial error=170.338, avgs=0
045/300: dt: 0.9000, rms radial error=169.394, avgs=0
050/300: dt: 0.9000, rms radial error=168.449, avgs=0
055/300: dt: 0.9000, rms radial error=167.508, avgs=0
060/300: dt: 0.9000, rms radial error=166.570, avgs=0
065/300: dt: 0.9000, rms radial error=165.636, avgs=0
070/300: dt: 0.9000, rms radial error=164.707, avgs=0
075/300: dt: 0.9000, rms radial error=163.784, avgs=0
080/300: dt: 0.9000, rms radial error=162.865, avgs=0
085/300: dt: 0.9000, rms radial error=161.951, avgs=0
090/300: dt: 0.9000, rms radial error=161.042, avgs=0
095/300: dt: 0.9000, rms radial error=160.138, avgs=0
100/300: dt: 0.9000, rms radial error=159.240, avgs=0
105/300: dt: 0.9000, rms radial error=158.346, avgs=0
110/300: dt: 0.9000, rms radial error=157.457, avgs=0
115/300: dt: 0.9000, rms radial error=156.573, avgs=0
120/300: dt: 0.9000, rms radial error=155.694, avgs=0
125/300: dt: 0.9000, rms radial error=154.820, avgs=0
130/300: dt: 0.9000, rms radial error=153.950, avgs=0
135/300: dt: 0.9000, rms radial error=153.085, avgs=0
140/300: dt: 0.9000, rms radial error=152.225, avgs=0
145/300: dt: 0.9000, rms radial error=151.370, avgs=0
150/300: dt: 0.9000, rms radial error=150.519, avgs=0
155/300: dt: 0.9000, rms radial error=149.673, avgs=0
160/300: dt: 0.9000, rms radial error=148.832, avgs=0
165/300: dt: 0.9000, rms radial error=147.995, avgs=0
170/300: dt: 0.9000, rms radial error=147.163, avgs=0
175/300: dt: 0.9000, rms radial error=146.336, avgs=0
180/300: dt: 0.9000, rms radial error=145.513, avgs=0
185/300: dt: 0.9000, rms radial error=144.695, avgs=0
190/300: dt: 0.9000, rms radial error=143.882, avgs=0
195/300: dt: 0.9000, rms radial error=143.073, avgs=0
200/300: dt: 0.9000, rms radial error=142.268, avgs=0
205/300: dt: 0.9000, rms radial error=141.468, avgs=0
210/300: dt: 0.9000, rms radial error=140.672, avgs=0
215/300: dt: 0.9000, rms radial error=139.881, avgs=0
220/300: dt: 0.9000, rms radial error=139.094, avgs=0
225/300: dt: 0.9000, rms radial error=138.312, avgs=0
230/300: dt: 0.9000, rms radial error=137.534, avgs=0
235/300: dt: 0.9000, rms radial error=136.760, avgs=0
240/300: dt: 0.9000, rms radial error=135.991, avgs=0
245/300: dt: 0.9000, rms radial error=135.226, avgs=0
250/300: dt: 0.9000, rms radial error=134.465, avgs=0
255/300: dt: 0.9000, rms radial error=133.709, avgs=0
260/300: dt: 0.9000, rms radial error=132.957, avgs=0
265/300: dt: 0.9000, rms radial error=132.209, avgs=0
270/300: dt: 0.9000, rms radial error=131.465, avgs=0
275/300: dt: 0.9000, rms radial error=130.726, avgs=0
280/300: dt: 0.9000, rms radial error=129.990, avgs=0
285/300: dt: 0.9000, rms radial error=129.259, avgs=0
290/300: dt: 0.9000, rms radial error=128.531, avgs=0
295/300: dt: 0.9000, rms radial error=127.808, avgs=0
300/300: dt: 0.9000, rms radial error=127.089, avgs=0

spherical inflation complete.
epoch 1 (K=10.0), pass 1, starting sse = 15265.71
taking momentum steps...
taking momentum steps...
taking momentum steps...
pass 1 complete, delta sse/iter = 0.00/10 = 0.00006
epoch 2 (K=40.0), pass 1, starting sse = 2444.27
taking momentum steps...
taking momentum steps...
taking momentum steps...
pass 1 complete, delta sse/iter = 0.00/10 = 0.00004
epoch 3 (K=160.0), pass 1, starting sse = 222.87
taking momentum steps...
taking momentum steps...
taking momentum steps...
pass 1 complete, delta sse/iter = 0.04/10 = 0.00397
epoch 4 (K=640.0), pass 1, starting sse = 15.72
taking momentum steps...
taking momentum steps...
taking momentum steps...
pass 1 complete, delta sse/iter = 0.09/13 = 0.00677
final distance error %24.71
writing spherical brain to ../surf/rh.qsphere.nofix
spherical transformation took 0.02 hours
mris_sphere utimesec    276.212000
mris_sphere stimesec    0.956000
mris_sphere ru_maxrss   216536
mris_sphere ru_ixrss    0
mris_sphere ru_idrss    0
mris_sphere ru_isrss    0
mris_sphere ru_minflt   771058
mris_sphere ru_majflt   0
mris_sphere ru_nswap    0
mris_sphere ru_inblock  0
mris_sphere ru_oublock  9352
mris_sphere ru_msgsnd   0
mris_sphere ru_msgrcv   0
mris_sphere ru_nsignals 0
mris_sphere ru_nvcsw    88670
mris_sphere ru_nivcsw   247
FSRUNTIME@ mris_sphere  0.0217 hours 1 threads
#--------------------------------------------
#@# Fix Topology Copy rh Sat Sep 14 01:21:17 UTC 2019
/out/freesurfer/sub-THP0005/scripts

 cp ../surf/rh.orig.nofix ../surf/rh.orig 


 cp ../surf/rh.inflated.nofix ../surf/rh.inflated 

#@# Fix Topology rh Sat Sep 14 01:21:18 UTC 2019

 mris_fix_topology -rusage /out/freesurfer/sub-THP0005/touch/rusage.mris_fix_topology.rh.dat -mgz -sphere qsphere.nofix -ga -seed 1234 sub-THP0005 rh 

reading spherical homeomorphism from 'qsphere.nofix'
using genetic algorithm with optimized parameters
setting seed for random number genererator to 1234

*************************************************************
Topology Correction Parameters
retessellation mode:           genetic search
number of patches/generation : 10
number of generations :        10
surface mri loglikelihood coefficient :         1.0
volume mri loglikelihood coefficient :          10.0
normal dot loglikelihood coefficient :          1.0
quadratic curvature loglikelihood coefficient : 1.0
volume resolution :                             2
eliminate vertices during search :              1
initial patch selection :                       1
select all defect vertices :                    0
ordering dependant retessellation:              0
use precomputed edge table :                    0
smooth retessellated patch :                    2
match retessellated patch :                     1
verbose mode :                                  0

*************************************************************
INFO: assuming .mgz format
$Id: mris_fix_topology.c,v 1.50.2.1 2016/10/27 22:25:58 zkaufman Exp $
  $Id: mrisurf.c,v 1.781.2.6 2016/12/27 16:47:14 zkaufman Exp $
before topology correction, eno=-34 (nv=132856, nf=265780, ne=398670, g=18)
using quasi-homeomorphic spherical map to tessellate cortical surface...

Correction of the Topology
Finding true center and radius of Spherical Surface...done
Surface centered at (0,0,0) with radius 100.0 in 9 iterations
marking ambiguous vertices...
5791 ambiguous faces found in tessellation
segmenting defects...
15 defects found, arbitrating ambiguous regions...
analyzing neighboring defects...
15 defects to be corrected 
0 vertices coincident
reading input surface /out/freesurfer/sub-THP0005/surf/rh.qsphere.nofix...
reading brain volume from brain...
reading wm segmentation from wm...
Computing Initial Surface Statistics
      -face       loglikelihood: -8.6221  (-4.3110)
      -vertex     loglikelihood: -5.4837  (-2.7419)
      -normal dot loglikelihood: -3.6715  (-3.6715)
      -quad curv  loglikelihood: -6.4108  (-3.2054)
      Total Loglikelihood : -24.1881

CORRECTING DEFECT 0 (vertices=267, convex hull=217, v0=8659)
After retessellation of defect 0 (v0=8659), euler #=-10 (129625,388017,258382) : difference with theory (-12) = -2 

CORRECTING DEFECT 1 (vertices=229, convex hull=237, v0=17519)
After retessellation of defect 1 (v0=17519), euler #=-9 (129745,388488,258734) : difference with theory (-11) = -2 

CORRECTING DEFECT 2 (vertices=10, convex hull=23, v0=32355)
After retessellation of defect 2 (v0=32355), euler #=-8 (129747,388499,258744) : difference with theory (-10) = -2 

CORRECTING DEFECT 3 (vertices=1052, convex hull=316, v0=43590)
After retessellation of defect 3 (v0=43590), euler #=-7 (129827,388911,259077) : difference with theory (-9) = -2 

CORRECTING DEFECT 4 (vertices=32, convex hull=30, v0=48664)
After retessellation of defect 4 (v0=48664), euler #=-6 (129831,388936,259099) : difference with theory (-8) = -2 

CORRECTING DEFECT 5 (vertices=57, convex hull=82, v0=61985)
After retessellation of defect 5 (v0=61985), euler #=-5 (129857,389049,259187) : difference with theory (-7) = -2 

CORRECTING DEFECT 6 (vertices=1118, convex hull=539, v0=69330)
XL defect detected...
After retessellation of defect 6 (v0=69330), euler #=-5 (130036,389897,259856) : difference with theory (-6) = -1 

CORRECTING DEFECT 7 (vertices=98, convex hull=45, v0=71871)
After retessellation of defect 7 (v0=71871), euler #=-4 (130044,389938,259890) : difference with theory (-5) = -1 

CORRECTING DEFECT 8 (vertices=17, convex hull=35, v0=88098)
After retessellation of defect 8 (v0=88098), euler #=-3 (130046,389957,259908) : difference with theory (-4) = -1 

CORRECTING DEFECT 9 (vertices=17, convex hull=27, v0=90181)
After retessellation of defect 9 (v0=90181), euler #=-2 (130048,389974,259924) : difference with theory (-3) = -1 

CORRECTING DEFECT 10 (vertices=311, convex hull=162, v0=93209)
After retessellation of defect 10 (v0=93209), euler #=-1 (130068,390110,260041) : difference with theory (-2) = -1 

CORRECTING DEFECT 11 (vertices=43, convex hull=48, v0=95134)
After retessellation of defect 11 (v0=95134), euler #=-1 (130082,390174,260091) : difference with theory (-1) = 0 

CORRECTING DEFECT 12 (vertices=16, convex hull=47, v0=109158)
After retessellation of defect 12 (v0=109158), euler #=0 (130088,390207,260119) : difference with theory (0) = 0 

CORRECTING DEFECT 13 (vertices=21, convex hull=64, v0=113561)
After retessellation of defect 13 (v0=113561), euler #=1 (130099,390263,260165) : difference with theory (1) = 0 

CORRECTING DEFECT 14 (vertices=36, convex hull=67, v0=123759)
After retessellation of defect 14 (v0=123759), euler #=2 (130108,390318,260212) : difference with theory (2) = 0 
computing original vertex metric properties...
storing new metric properties...
computing tessellation statistics...
vertex spacing 0.89 +- 0.25 (0.02-->16.27) (max @ vno 78473 --> 85170)
face area 0.00 +- 0.00 (0.00-->0.00)
performing soap bubble on retessellated vertices for 0 iterations...
vertex spacing 0.89 +- 0.25 (0.02-->16.27) (max @ vno 78473 --> 85170)
face area 0.00 +- 0.00 (0.00-->0.00)
tessellation finished, orienting corrected surface...
61 mutations (33.2%), 123 crossovers (66.8%), 508 vertices were eliminated
building final representation...
2748 vertices and 0 faces have been removed from triangulation
after topology correction, eno=2 (nv=130108, nf=260212, ne=390318, g=0)
writing corrected surface to /out/freesurfer/sub-THP0005/surf/rh.orig...

0.000 % of the vertices (0 vertices) exhibit an orientation change
topology fixing took 11.3 minutes
0 defective edges
removing intersecting faces
000: 344 intersecting
001: 7 intersecting
mris_fix_topology utimesec    686.712000
mris_fix_topology stimesec    0.612000
mris_fix_topology ru_maxrss   445136
mris_fix_topology ru_ixrss    0
mris_fix_topology ru_idrss    0
mris_fix_topology ru_isrss    0
mris_fix_topology ru_minflt   874127
mris_fix_topology ru_majflt   0
mris_fix_topology ru_nswap    0
mris_fix_topology ru_inblock  0
mris_fix_topology ru_oublock  12272
mris_fix_topology ru_msgsnd   0
mris_fix_topology ru_msgrcv   0
mris_fix_topology ru_nsignals 0
mris_fix_topology ru_nvcsw    5253
mris_fix_topology ru_nivcsw   329
FSRUNTIME@ mris_fix_topology rh  0.1889 hours 1 threads

 mris_euler_number ../surf/rh.orig 

euler # = v-e+f = 2g-2: 130108 - 390318 + 260212 = 2 --> 0 holes
      F =2V-4:          260212 = 260216-4 (0)
      2E=3F:            780636 = 780636 (0)

total defect index = 0
/out/freesurfer/sub-THP0005/scripts

 mris_remove_intersection ../surf/rh.orig ../surf/rh.orig 

intersection removal took 0.00 hours
removing intersecting faces
000: 53 intersecting
001: 16 intersecting
002: 4 intersecting
writing corrected surface to ../surf/rh.orig

 rm ../surf/rh.inflated 

#--------------------------------------------
#@# Make White Surf rh Sat Sep 14 01:32:43 UTC 2019
/out/freesurfer/sub-THP0005/scripts

 mris_make_surfaces -aseg ../mri/aseg.presurf -white white.preaparc -noaparc -whiteonly -mgz -T1 brain.finalsurfs sub-THP0005 rh 

using white.preaparc as white matter name...
only generating white matter surface
using aseg volume ../mri/aseg.presurf to prevent surfaces crossing the midline
not using aparc to prevent surfaces crossing the midline
INFO: assuming MGZ format for volumes.
using brain.finalsurfs as T1 volume...
$Id: mris_make_surfaces.c,v 1.164.2.4 2016/12/13 22:26:32 zkaufman Exp $
$Id: mrisurf.c,v 1.781.2.6 2016/12/27 16:47:14 zkaufman Exp $
reading volume /out/freesurfer/sub-THP0005/mri/filled.mgz...
reading volume /out/freesurfer/sub-THP0005/mri/brain.finalsurfs.mgz...
reading volume /out/freesurfer/sub-THP0005/mri/../mri/aseg.presurf.mgz...
reading volume /out/freesurfer/sub-THP0005/mri/wm.mgz...
14825 bright wm thresholded.
124 bright non-wm voxels segmented.
reading original surface position from /out/freesurfer/sub-THP0005/surf/rh.orig...
computing class statistics...
border white:    248867 voxels (1.48%)
border gray      275384 voxels (1.64%)
WM (100.0): 100.1 +- 6.6 [70.0 --> 110.0]
GM (81.0) : 80.4 +- 8.1 [30.0 --> 110.0]
setting MIN_GRAY_AT_WHITE_BORDER to 70.9 (was 70)
setting MAX_BORDER_WHITE to 110.6 (was 105)
setting MIN_BORDER_WHITE to 79.0 (was 85)
setting MAX_CSF to 62.8 (was 40)
setting MAX_GRAY to 97.4 (was 95)
setting MAX_GRAY_AT_CSF_BORDER to 70.9 (was 75)
setting MIN_GRAY_AT_CSF_BORDER to 54.7 (was 40)
repositioning cortical surface to gray/white boundary
smoothing T1 volume with sigma = 2.000
vertex spacing 0.82 +- 0.22 (0.03-->4.76) (max @ vno 52306 --> 52307)
face area 0.28 +- 0.12 (0.00-->4.28)
mean absolute distance = 0.75 +- 1.02
3296 vertices more than 2 sigmas from mean.
averaging target values for 5 iterations...
using class modes intead of means, discounting robust sigmas....
intensity peaks found at WM=104+-4.3,    GM=79+-5.2
mean inside = 96.5, mean outside = 83.5
smoothing surface for 5 iterations...
inhibiting deformation at non-cortical midline structures...
removing 4 vertex label from ripped group
removing 2 vertex label from ripped group
removing 1 vertex label from ripped group
mean border=88.2, 75 (75) missing vertices, mean dist 0.1 [0.7 (%45.0)->0.8 (%55.0))]
%68 local maxima, %28 large gradients and % 0 min vals, 0 gradients ignored
tol=1.0e-04, sigma=2.0, host=084d7, nav=4, nbrs=2, l_repulse=5.000, l_tspring=1.000, l_nspring=0.500, l_intensity=0.200, l_curv=1.000
mom=0.00, dt=0.50
complete_dist_mat 0
rms 0
smooth_averages 0
remove_neg 0
ico_order 0
which_surface 0
target_radius 0.000000
nfields 0
scale 0.000000
desired_rms_height 0.000000
momentum 0.000000
nbhd_size 0
max_nbrs 0
niterations 25
nsurfaces 0
SURFACES 3
flags 0 (0)
use curv 0
no sulc 0
no rigid align 0
mris->nsize 2
mris->hemisphere 1
randomSeed 0

smoothing T1 volume with sigma = 1.000
vertex spacing 0.91 +- 0.24 (0.09-->5.55) (max @ vno 129944 --> 130024)
face area 0.28 +- 0.13 (0.00-->3.81)
mean absolute distance = 0.35 +- 0.66
2460 vertices more than 2 sigmas from mean.
averaging target values for 5 iterations...
000: dt: 0.0000, sse=1802826.2, rms=7.102
001: dt: 0.5000, sse=1105024.5, rms=4.829 (32.006%)
002: dt: 0.5000, sse=805356.9, rms=3.394 (29.726%)
003: dt: 0.5000, sse=690755.6, rms=2.638 (22.268%)
004: dt: 0.5000, sse=643335.3, rms=2.257 (14.455%)
005: dt: 0.5000, sse=628286.5, rms=2.119 (6.101%)
006: dt: 0.5000, sse=623207.4, rms=2.065 (2.534%)
rms = 2.05, time step reduction 1 of 3 to 0.250...
007: dt: 0.5000, sse=621829.9, rms=2.053 (0.578%)
008: dt: 0.2500, sse=572407.2, rms=1.362 (33.660%)
009: dt: 0.2500, sse=569429.4, rms=1.276 (6.326%)
rms = 1.26, time step reduction 2 of 3 to 0.125...
010: dt: 0.2500, sse=566934.0, rms=1.263 (1.003%)
rms = 1.25, time step reduction 3 of 3 to 0.062...
011: dt: 0.1250, sse=565683.2, rms=1.247 (1.266%)
positioning took 0.8 minutes
inhibiting deformation at non-cortical midline structures...
removing 4 vertex label from ripped group
removing 1 vertex label from ripped group
removing 2 vertex label from ripped group
removing 2 vertex label from ripped group
removing 1 vertex label from ripped group
mean border=89.9, 64 (18) missing vertices, mean dist -0.2 [0.4 (%68.0)->0.3 (%32.0))]
%77 local maxima, %20 large gradients and % 0 min vals, 0 gradients ignored
tol=1.0e-04, sigma=1.0, host=084d7, nav=2, nbrs=2, l_repulse=5.000, l_tspring=1.000, l_nspring=0.500, l_intensity=0.200, l_curv=1.000
mom=0.00, dt=0.50
smoothing T1 volume with sigma = 0.500
vertex spacing 0.90 +- 0.24 (0.11-->6.07) (max @ vno 80779 --> 80748)
face area 0.35 +- 0.16 (0.00-->4.68)
mean absolute distance = 0.26 +- 0.44
3175 vertices more than 2 sigmas from mean.
averaging target values for 5 iterations...
000: dt: 0.0000, sse=895929.1, rms=3.111
012: dt: 0.5000, sse=734955.2, rms=1.823 (41.406%)
013: dt: 0.5000, sse=705889.1, rms=1.496 (17.916%)
014: dt: 0.5000, sse=700002.8, rms=1.378 (7.880%)
rms = 1.41, time step reduction 1 of 3 to 0.250...
015: dt: 0.2500, sse=685347.6, rms=1.163 (15.660%)
016: dt: 0.2500, sse=681158.3, rms=1.059 (8.942%)
rms = 1.04, time step reduction 2 of 3 to 0.125...
017: dt: 0.2500, sse=679618.1, rms=1.039 (1.823%)
rms = 1.03, time step reduction 3 of 3 to 0.062...
018: dt: 0.1250, sse=678564.8, rms=1.028 (1.118%)
positioning took 0.5 minutes
inhibiting deformation at non-cortical midline structures...
removing 4 vertex label from ripped group
removing 2 vertex label from ripped group
removing 4 vertex label from ripped group
removing 1 vertex label from ripped group
removing 2 vertex label from ripped group
removing 2 vertex label from ripped group
mean border=91.4, 89 (10) missing vertices, mean dist -0.1 [0.3 (%68.7)->0.2 (%31.3))]
%85 local maxima, %11 large gradients and % 0 min vals, 0 gradients ignored
tol=1.0e-04, sigma=0.5, host=084d7, nav=1, nbrs=2, l_repulse=5.000, l_tspring=1.000, l_nspring=0.500, l_intensity=0.200, l_curv=1.000
mom=0.00, dt=0.50
smoothing T1 volume with sigma = 0.250
vertex spacing 0.89 +- 0.24 (0.08-->6.56) (max @ vno 80779 --> 80748)
face area 0.34 +- 0.16 (0.00-->5.15)
mean absolute distance = 0.22 +- 0.34
3068 vertices more than 2 sigmas from mean.
averaging target values for 5 iterations...
000: dt: 0.0000, sse=757874.5, rms=2.178
019: dt: 0.5000, sse=685690.2, rms=1.321 (39.331%)
020: dt: 0.5000, sse=678384.9, rms=1.219 (7.740%)
rms = 1.19, time step reduction 1 of 3 to 0.250...
021: dt: 0.5000, sse=674459.9, rms=1.194 (2.044%)
022: dt: 0.2500, sse=662201.3, rms=0.944 (20.972%)
rms = 0.93, time step reduction 2 of 3 to 0.125...
023: dt: 0.2500, sse=661877.4, rms=0.932 (1.208%)
rms = 0.93, time step reduction 3 of 3 to 0.062...
024: dt: 0.1250, sse=661082.1, rms=0.929 (0.348%)
positioning took 0.4 minutes
inhibiting deformation at non-cortical midline structures...
removing 4 vertex label from ripped group
removing 1 vertex label from ripped group
removing 3 vertex label from ripped group
removing 1 vertex label from ripped group
removing 2 vertex label from ripped group
removing 3 vertex label from ripped group
removing 4 vertex label from ripped group
mean border=92.0, 100 (6) missing vertices, mean dist -0.0 [0.2 (%56.5)->0.2 (%43.5))]
%88 local maxima, % 8 large gradients and % 0 min vals, 0 gradients ignored
tol=1.0e-04, sigma=0.2, host=084d7, nav=0, nbrs=2, l_repulse=5.000, l_tspring=1.000, l_nspring=0.500, l_intensity=0.200, l_curv=1.000
mom=0.00, dt=0.50
writing white matter surface to /out/freesurfer/sub-THP0005/surf/rh.white.preaparc...
writing smoothed curvature to rh.curv
000: dt: 0.0000, sse=662826.4, rms=1.184
025: dt: 0.5000, sse=648328.2, rms=0.862 (27.151%)
rms = 1.04, time step reduction 1 of 3 to 0.250...
026: dt: 0.2500, sse=643074.9, rms=0.773 (10.333%)
rms = 0.77, time step reduction 2 of 3 to 0.125...
027: dt: 0.2500, sse=644031.5, rms=0.765 (1.064%)
rms = 0.76, time step reduction 3 of 3 to 0.062...
028: dt: 0.1250, sse=641566.2, rms=0.759 (0.819%)
positioning took 0.3 minutes
generating cortex label...
6 non-cortical segments detected
only using segment with 6312 vertices
erasing segment 1 (vno[0] = 71813)
erasing segment 2 (vno[0] = 81445)
erasing segment 3 (vno[0] = 83638)
erasing segment 4 (vno[0] = 92237)
erasing segment 5 (vno[0] = 92281)
writing cortex label to /out/freesurfer/sub-THP0005/label/rh.cortex.label...
writing curvature file /out/freesurfer/sub-THP0005/surf/rh.curv
writing smoothed area to rh.area
writing curvature file /out/freesurfer/sub-THP0005/surf/rh.area
vertex spacing 0.89 +- 0.25 (0.08-->6.57) (max @ vno 80748 --> 80779)
face area 0.33 +- 0.16 (0.00-->5.12)
refinement took 3.3 minutes
#--------------------------------------------
#@# Smooth2 rh Sat Sep 14 01:36:00 UTC 2019
/out/freesurfer/sub-THP0005/scripts

 mris_smooth -n 3 -nw -seed 1234 ../surf/rh.white.preaparc ../surf/rh.smoothwm 

smoothing for 3 iterations
setting seed for random number generator to 1234
smoothing surface tessellation for 3 iterations...
smoothing complete - recomputing first and second fundamental forms...
#--------------------------------------------
#@# Inflation2 rh Sat Sep 14 01:36:05 UTC 2019
/out/freesurfer/sub-THP0005/scripts

 mris_inflate -rusage /out/freesurfer/sub-THP0005/touch/rusage.mris_inflate.rh.dat ../surf/rh.smoothwm ../surf/rh.inflated 

Reading ../surf/rh.smoothwm
avg radius = 44.8 mm, total surface area = 78459 mm^2
writing inflated surface to ../surf/rh.inflated
writing sulcal depths to ../surf/rh.sulc
step 000: RMS=0.178 (target=0.015)   step 005: RMS=0.123 (target=0.015)   step 010: RMS=0.089 (target=0.015)   step 015: RMS=0.074 (target=0.015)   step 020: RMS=0.061 (target=0.015)   step 025: RMS=0.051 (target=0.015)   step 030: RMS=0.042 (target=0.015)   step 035: RMS=0.037 (target=0.015)   step 040: RMS=0.031 (target=0.015)   step 045: RMS=0.028 (target=0.015)   step 050: RMS=0.026 (target=0.015)   step 055: RMS=0.024 (target=0.015)   step 060: RMS=0.023 (target=0.015)   
inflation complete.
inflation took 0.3 minutes
mris_inflate utimesec    61.640000
mris_inflate stimesec    0.856000
mris_inflate ru_maxrss   211756
mris_inflate ru_ixrss    0
mris_inflate ru_idrss    0
mris_inflate ru_isrss    0
mris_inflate ru_minflt   272225
mris_inflate ru_majflt   0
mris_inflate ru_nswap    0
mris_inflate ru_inblock  9152
mris_inflate ru_oublock  10184
mris_inflate ru_msgsnd   0
mris_inflate ru_msgrcv   0
mris_inflate ru_nsignals 0
mris_inflate ru_nvcsw    89431
mris_inflate ru_nivcsw   150
#--------------------------------------------
#@# Curv .H and .K rh Sat Sep 14 01:36:21 UTC 2019
/out/freesurfer/sub-THP0005/surf

 mris_curvature -w rh.white.preaparc 

total integrated curvature = 2.519*4pi (31.649) --> -2 handles
ICI = 152.4, FI = 1598.3, variation=25142.850
writing Gaussian curvature to ./rh.white.preaparc.K...done.
writing mean curvature to ./rh.white.preaparc.H...done.
rm -f rh.white.H
ln -s rh.white.preaparc.H rh.white.H
rm -f rh.white.K
ln -s rh.white.preaparc.K rh.white.K

 mris_curvature -thresh .999 -n -a 5 -w -distances 10 10 rh.inflated 

normalizing curvature values.
averaging curvature patterns 5 times.
sampling 10 neighbors out to a distance of 10 mm
170 vertices thresholded to be in k1 ~ [-0.20 0.47], k2 ~ [-0.11 0.06]
total integrated curvature = 0.618*4pi (7.765) --> 0 handles
ICI = 1.4, FI = 8.1, variation=140.731
112 vertices thresholded to be in [-0.02 0.01]
writing Gaussian curvature to ./rh.inflated.K...thresholding curvature at 99.90% level
curvature mean = 0.000, std = 0.001
121 vertices thresholded to be in [-0.12 0.22]
done.
writing mean curvature to ./rh.inflated.H...curvature mean = -0.015, std = 0.022
done.

#-----------------------------------------
#@# Curvature Stats rh Sat Sep 14 01:37:14 UTC 2019
/out/freesurfer/sub-THP0005/surf

 mris_curvature_stats -m --writeCurvatureFiles -G -o ../stats/rh.curv.stats -F smoothwm sub-THP0005 rh curv sulc 

             Toggling save flag on curvature files                       [ ok ]
                 Outputting results using filestem   [ ../stats/rh.curv.stats ]
             Toggling save flag on curvature files                       [ ok ]
                                   Setting surface  [ sub-THP0005/rh.smoothwm ]
                                Reading surface...                       [ ok ]
                                   Setting texture                     [ curv ]
                                Reading texture...                       [ ok ]
                                   Setting texture                     [ sulc ]
                                Reading texture...Gb_filter = 0
                       [ ok ]
      Calculating Discrete Principal Curvatures...
   Determining geometric order for vertex faces... [####################] [ ok ]
                      Determining KH curvatures... [####################] [ ok ]
                    Determining k1k2 curvatures... [####################] [ ok ]
                                   deltaViolations                      [ 212 ]
Gb_filter = 0

WARN:    S lookup   min:                          -0.246015
WARN:    S explicit min:                          0.000000	vertex = 1280
#--------------------------------------------
#@# Sphere rh Sat Sep 14 01:37:18 UTC 2019
/out/freesurfer/sub-THP0005/scripts

 mris_sphere -rusage /out/freesurfer/sub-THP0005/touch/rusage.mris_sphere.rh.dat -seed 1234 ../surf/rh.inflated ../surf/rh.sphere 

setting seed for random number genererator to 1234
$Id: mris_sphere.c,v 1.61 2016/01/20 23:42:15 greve Exp $
  $Id: mrisurf.c,v 1.781.2.6 2016/12/27 16:47:14 zkaufman Exp $
reading original vertex positions...
unfolding cortex into spherical form...
surface projected - minimizing metric distortion...

== Number of threads available to mris_sphere for OpenMP = 8 == 
scaling brain by 0.306...
MRISunfold() max_passes = 1 -------
tol=5.0e-01, sigma=0.0, host=084d7, nav=1024, nbrs=2, l_area=1.000, l_dist=1.000
using quadratic fit line minimization
complete_dist_mat 0
rms 0
smooth_averages 0
remove_neg 0
ico_order 0
which_surface 0
target_radius 0.000000
nfields 0
scale 1.000000
desired_rms_height -1.000000
momentum 0.900000
nbhd_size 7
max_nbrs 8
niterations 25
nsurfaces 0
SURFACES 3
flags 0 (0)
use curv 0
no sulc 0
no rigid align 0
mris->nsize 2
mris->hemisphere 1
randomSeed 1234

singular matrix in quadratic form
--------------------
  mrisRemoveNegativeArea()
pass 1: epoch 1 of 3 starting distance error %19.07
pass 1: epoch 2 of 3 starting distance error %19.03
unfolding complete - removing small folds...
starting distance error %18.98
removing remaining folds...
final distance error %19.00
MRISunfold() return, current seed 1234
-01: dt=0.0000, 90 negative triangles
180: dt=0.9900, 90 negative triangles
181: dt=0.9900, 43 negative triangles
182: dt=0.9900, 32 negative triangles
183: dt=0.9900, 27 negative triangles
184: dt=0.9900, 35 negative triangles
185: dt=0.9900, 25 negative triangles
186: dt=0.9900, 24 negative triangles
187: dt=0.9900, 19 negative triangles
188: dt=0.9900, 18 negative triangles
189: dt=0.9900, 15 negative triangles
190: dt=0.9900, 15 negative triangles
191: dt=0.9900, 13 negative triangles
192: dt=0.9900, 11 negative triangles
193: dt=0.9900, 9 negative triangles
194: dt=0.9900, 7 negative triangles
195: dt=0.9900, 6 negative triangles
196: dt=0.9900, 3 negative triangles
197: dt=0.9900, 7 negative triangles
198: dt=0.9900, 3 negative triangles
199: dt=0.9900, 2 negative triangles
200: dt=0.9900, 1 negative triangles
201: dt=0.9900, 1 negative triangles
202: dt=0.9900, 1 negative triangles
203: dt=0.9900, 1 negative triangles
204: dt=0.9900, 2 negative triangles
205: dt=0.9900, 1 negative triangles
206: dt=0.9900, 1 negative triangles
writing spherical brain to ../surf/rh.sphere
spherical transformation took 0.16 hours
mris_sphere utimesec    3571.596000
mris_sphere stimesec    11.268000
mris_sphere ru_maxrss   286128
mris_sphere ru_ixrss    0
mris_sphere ru_idrss    0
mris_sphere ru_isrss    0
mris_sphere ru_minflt   4519599
mris_sphere ru_majflt   0
mris_sphere ru_nswap    0
mris_sphere ru_inblock  0
mris_sphere ru_oublock  9160
mris_sphere ru_msgsnd   0
mris_sphere ru_msgrcv   0
mris_sphere ru_nsignals 0
mris_sphere ru_nvcsw    187914
mris_sphere ru_nivcsw   3907
FSRUNTIME@ mris_sphere  0.1553 hours 1 threads
#--------------------------------------------
#@# Surf Reg rh Sat Sep 14 01:46:38 UTC 2019
/out/freesurfer/sub-THP0005/scripts

 mris_register -curv -rusage /out/freesurfer/sub-THP0005/touch/rusage.mris_register.rh.dat ../surf/rh.sphere /opt/freesurfer/average/rh.folding.atlas.acfb40.noaparc.i12.2016-08-02.tif ../surf/rh.sphere.reg 

using smoothwm curvature for final alignment

cwd /out/freesurfer/sub-THP0005/scripts
cmdline mris_register -curv -rusage /out/freesurfer/sub-THP0005/touch/rusage.mris_register.rh.dat ../surf/rh.sphere /opt/freesurfer/average/rh.folding.atlas.acfb40.noaparc.i12.2016-08-02.tif ../surf/rh.sphere.reg 

0 inflated.H
1 sulc
2 smoothwm (computed)
$Id: mris_register.c,v 1.63 2016/01/20 23:43:04 greve Exp $
  $Id: mrisurf.c,v 1.781.2.6 2016/12/27 16:47:14 zkaufman Exp $
reading surface from ../surf/rh.sphere...
reading template parameterization from /opt/freesurfer/average/rh.folding.atlas.acfb40.noaparc.i12.2016-08-02.tif...
MRISregister() -------
max_passes = 4 
min_degrees = 0.500000 
max_degrees = 64.000000 
nangles = 8 
tol=5.0e-01, sigma=0.0, host=084d7, nav=1024, nbrs=1, l_extern=10000.000, l_parea=0.200, l_nlarea=1.000, l_corr=1.000, l_dist=5.000
using quadratic fit line minimization
complete_dist_mat 0
rms 0
smooth_averages 0
remove_neg 0
ico_order 0
which_surface 0
target_radius 0.000000
nfields 0
scale 0.000000
desired_rms_height -1.000000
momentum 0.950000
nbhd_size -10
max_nbrs 10
niterations 25
nsurfaces 0
SURFACES 3
flags 16 (10)
use curv 16
no sulc 0
no rigid align 0
mris->nsize 1
mris->hemisphere 1
randomSeed 0

tol=5.0e-01, sigma=0.0, host=084d7, nav=1024, nbrs=1, l_extern=10000.000, l_parea=0.200, l_nlarea=1.000, l_corr=1.000, l_dist=5.000
using quadratic fit line minimization
--------------------
1 Reading rh.sulc
curvature mean = -0.000, std = 5.525
curvature mean = 0.037, std = 0.802
curvature mean = 0.019, std = 0.868
Starting MRISrigidBodyAlignGlobal()
  d=64.00 min @ (16.00, 0.00, 16.00) sse = 264824.6, tmin=0.8168
  d=32.00 min @ (-8.00, -8.00, 0.00) sse = 251036.9, tmin=1.6220
  d=16.00 min @ (4.00, 4.00, 0.00) sse = 233310.1, tmin=2.4230
  d=8.00 min @ (-2.00, 0.00, 2.00) sse = 221406.9, tmin=3.2272
  d=2.00 min @ (0.50, 0.50, 0.00) sse = 221021.4, tmin=4.8259
  d=1.00 min @ (0.00, -0.25, -0.25) sse = 220849.4, tmin=5.5919
tol=1.0e+00, sigma=0.5, host=084d7, nav=1024, nbrs=1, l_extern=10000.000, l_parea=0.200, l_nlarea=1.000, l_corr=0.050, l_spring=0.500, l_dist=5.000
using quadratic fit line minimization
MRISrigidBodyAlignGlobal() done   6.36 min
curvature mean = -0.000, std = 0.830
curvature mean = 0.006, std = 0.950
curvature mean = -0.005, std = 0.839
curvature mean = 0.002, std = 0.980
curvature mean = -0.007, std = 0.841
curvature mean = 0.000, std = 0.992
2 Reading smoothwm
curvature mean = -0.026, std = 0.280
curvature mean = 0.033, std = 0.241
curvature mean = 0.059, std = 0.368
curvature mean = 0.031, std = 0.300
curvature mean = 0.030, std = 0.574
curvature mean = 0.030, std = 0.326
curvature mean = 0.016, std = 0.721
curvature mean = 0.030, std = 0.337
curvature mean = 0.006, std = 0.825
MRISregister() return, current seed 0
-01: dt=0.0000, 42 negative triangles
116: dt=0.9900, 42 negative triangles
expanding nbhd size to 1
117: dt=0.9900, 53 negative triangles
118: dt=0.9900, 47 negative triangles
119: dt=0.9900, 54 negative triangles
120: dt=0.9405, 47 negative triangles
121: dt=0.9405, 50 negative triangles
122: dt=0.9405, 45 negative triangles
123: dt=0.9405, 47 negative triangles
124: dt=0.9405, 43 negative triangles
125: dt=0.9405, 44 negative triangles
126: dt=0.9405, 39 negative triangles
127: dt=0.9405, 45 negative triangles
128: dt=0.9405, 38 negative triangles
129: dt=0.9405, 42 negative triangles
130: dt=0.9405, 38 negative triangles
131: dt=0.9405, 41 negative triangles
132: dt=0.9405, 33 negative triangles
133: dt=0.9405, 37 negative triangles
134: dt=0.9405, 32 negative triangles
135: dt=0.9405, 35 negative triangles
136: dt=0.9405, 30 negative triangles
137: dt=0.9405, 37 negative triangles
138: dt=0.9405, 26 negative triangles
139: dt=0.9405, 31 negative triangles
140: dt=0.9405, 20 negative triangles
141: dt=0.9405, 23 negative triangles
142: dt=0.9405, 22 negative triangles
143: dt=0.9405, 25 negative triangles
144: dt=0.9405, 20 negative triangles
145: dt=0.9405, 20 negative triangles
146: dt=0.9405, 16 negative triangles
147: dt=0.9405, 17 negative triangles
148: dt=0.9405, 15 negative triangles
149: dt=0.9405, 17 negative triangles
150: dt=0.9405, 16 negative triangles
151: dt=0.9405, 15 negative triangles
152: dt=0.9405, 13 negative triangles
153: dt=0.9405, 13 negative triangles
154: dt=0.9405, 15 negative triangles
155: dt=0.9405, 14 negative triangles
156: dt=0.9405, 14 negative triangles
157: dt=0.9405, 12 negative triangles
158: dt=0.9405, 12 negative triangles
159: dt=0.9405, 9 negative triangles
160: dt=0.9405, 9 negative triangles
161: dt=0.9405, 9 negative triangles
162: dt=0.9405, 9 negative triangles
163: dt=0.9405, 10 negative triangles
164: dt=0.9405, 14 negative triangles
165: dt=0.9405, 11 negative triangles
166: dt=0.9405, 7 negative triangles
167: dt=0.9405, 6 negative triangles
168: dt=0.9405, 6 negative triangles
169: dt=0.9405, 5 negative triangles
170: dt=0.9405, 4 negative triangles
171: dt=0.9405, 6 negative triangles
172: dt=0.9405, 3 negative triangles
173: dt=0.9405, 5 negative triangles
174: dt=0.9405, 2 negative triangles
175: dt=0.9405, 4 negative triangles
176: dt=0.9405, 3 negative triangles
177: dt=0.9405, 2 negative triangles
178: dt=0.9405, 4 negative triangles
179: dt=0.9405, 1 negative triangles
180: dt=0.9405, 2 negative triangles
181: dt=0.9405, 1 negative triangles
writing registered surface to ../surf/rh.sphere.reg...
registration took 0.38 hours
mris_register utimesec    6375.004000
mris_register stimesec    11.224000
mris_register ru_maxrss   265456
mris_register ru_ixrss    0
mris_register ru_idrss    0
mris_register ru_isrss    0
mris_register ru_minflt   4013758
mris_register ru_majflt   0
mris_register ru_nswap    0
mris_register ru_inblock  0
mris_register ru_oublock  9160
mris_register ru_msgsnd   0
mris_register ru_msgrcv   0
mris_register ru_nsignals 0
mris_register ru_nvcsw    277608
mris_register ru_nivcsw   6135
FSRUNTIME@ mris_register  0.3846 hours 1 threads
#--------------------------------------------
#@# Jacobian white rh Sat Sep 14 02:09:43 UTC 2019
/out/freesurfer/sub-THP0005/scripts

 mris_jacobian ../surf/rh.white.preaparc ../surf/rh.sphere.reg ../surf/rh.jacobian_white 

reading surface from ../surf/rh.white.preaparc...
writing curvature file ../surf/rh.jacobian_white
#--------------------------------------------
#@# AvgCurv rh Sat Sep 14 02:09:44 UTC 2019
/out/freesurfer/sub-THP0005/scripts

 mrisp_paint -a 5 /opt/freesurfer/average/rh.folding.atlas.acfb40.noaparc.i12.2016-08-02.tif#6 ../surf/rh.sphere.reg ../surf/rh.avg_curv 

averaging curvature patterns 5 times...
reading surface from ../surf/rh.sphere.reg...
reading template parameterization from /opt/freesurfer/average/rh.folding.atlas.acfb40.noaparc.i12.2016-08-02.tif...
writing curvature file to ../surf/rh.avg_curv...
#-----------------------------------------
#@# Cortical Parc rh Sat Sep 14 02:09:46 UTC 2019
/out/freesurfer/sub-THP0005/scripts

 mris_ca_label -l ../label/rh.cortex.label -aseg ../mri/aseg.presurf.mgz -seed 1234 sub-THP0005 rh ../surf/rh.sphere.reg /opt/freesurfer/average/rh.DKaparc.atlas.acfb40.noaparc.i12.2016-08-02.gcs ../label/rh.aparc.annot 

setting seed for random number generator to 1234
using ../mri/aseg.presurf.mgz aseg volume to correct midline
$Id: mris_ca_label.c,v 1.37 2014/02/04 17:46:42 fischl Exp $
  $Id: mrisurf.c,v 1.781.2.6 2016/12/27 16:47:14 zkaufman Exp $
reading atlas from /opt/freesurfer/average/rh.DKaparc.atlas.acfb40.noaparc.i12.2016-08-02.gcs...
reading color table from GCSA file....
average std = 0.7   using min determinant for regularization = 0.004
0 singular and 309 ill-conditioned covariance matrices regularized
input 0: MEAN CURVATURE, flags 0, avgs 5, name mean_curvature
labeling surface...
973 labels changed using aseg
relabeling using gibbs priors...
000:   2593 changed, 130108 examined...
001:    594 changed, 11217 examined...
002:    143 changed, 3386 examined...
003:     54 changed, 859 examined...
004:     16 changed, 318 examined...
005:      5 changed, 102 examined...
006:      2 changed, 21 examined...
007:      0 changed, 13 examined...
133 labels changed using aseg
000: 97 total segments, 59 labels (157 vertices) changed
001: 40 total segments, 2 labels (2 vertices) changed
002: 38 total segments, 0 labels (0 vertices) changed
10 filter iterations complete (10 requested, 4 changed)
rationalizing unknown annotations with cortex label
relabeling unknown label...
relabeling corpuscallosum label...
1474 vertices marked for relabeling...
1474 labels changed in reclassification.
writing output to ../label/rh.aparc.annot...
classification took 0 minutes and 11 seconds.
#--------------------------------------------
#@# Make Pial Surf rh Sat Sep 14 02:09:57 UTC 2019
/out/freesurfer/sub-THP0005/scripts

 mris_make_surfaces -orig_white white.preaparc -orig_pial white.preaparc -aseg ../mri/aseg.presurf -mgz -T1 brain.finalsurfs sub-THP0005 rh 

using white.preaparc starting white location...
using white.preaparc starting pial locations...
using aseg volume ../mri/aseg.presurf to prevent surfaces crossing the midline
INFO: assuming MGZ format for volumes.
using brain.finalsurfs as T1 volume...
$Id: mris_make_surfaces.c,v 1.164.2.4 2016/12/13 22:26:32 zkaufman Exp $
$Id: mrisurf.c,v 1.781.2.6 2016/12/27 16:47:14 zkaufman Exp $
reading volume /out/freesurfer/sub-THP0005/mri/filled.mgz...
reading volume /out/freesurfer/sub-THP0005/mri/brain.finalsurfs.mgz...
reading volume /out/freesurfer/sub-THP0005/mri/../mri/aseg.presurf.mgz...
reading volume /out/freesurfer/sub-THP0005/mri/wm.mgz...
14825 bright wm thresholded.
124 bright non-wm voxels segmented.
reading original surface position from /out/freesurfer/sub-THP0005/surf/rh.orig...
computing class statistics...
border white:    248867 voxels (1.48%)
border gray      275384 voxels (1.64%)
WM (100.0): 100.1 +- 6.6 [70.0 --> 110.0]
GM (81.0) : 80.4 +- 8.1 [30.0 --> 110.0]
setting MIN_GRAY_AT_WHITE_BORDER to 70.9 (was 70)
setting MAX_BORDER_WHITE to 110.6 (was 105)
setting MIN_BORDER_WHITE to 79.0 (was 85)
setting MAX_CSF to 62.8 (was 40)
setting MAX_GRAY to 97.4 (was 95)
setting MAX_GRAY_AT_CSF_BORDER to 70.9 (was 75)
setting MIN_GRAY_AT_CSF_BORDER to 54.7 (was 40)
using class modes intead of means, discounting robust sigmas....
intensity peaks found at WM=104+-4.3,    GM=79+-5.2
mean inside = 96.5, mean outside = 83.5
smoothing surface for 5 iterations...
reading initial white vertex positions from white.preaparc...
reading colortable from annotation file...
colortable with 36 entries read (originally /autofs/space/tanha_002/users/greve/fsdev.build/average/colortable_desikan_killiany.txt)
repositioning cortical surface to gray/white boundary
smoothing T1 volume with sigma = 2.000
vertex spacing 0.89 +- 0.25 (0.08-->6.57) (max @ vno 80748 --> 80779)
face area 0.33 +- 0.16 (0.00-->5.06)
mean absolute distance = 0.61 +- 0.97
2777 vertices more than 2 sigmas from mean.
averaging target values for 5 iterations...
inhibiting deformation at non-cortical midline structures...
deleting segment 1 with 5 points - only 0.00% unknown
deleting segment 2 with 50 points - only 0.00% unknown
deleting segment 3 with 29 points - only 0.00% unknown
removing 1 vertex label from ripped group
deleting segment 4 with 1 points - only 0.00% unknown
deleting segment 5 with 14 points - only 0.00% unknown
deleting segment 6 with 50 points - only 0.00% unknown
removing 1 vertex label from ripped group
deleting segment 7 with 1 points - only 0.00% unknown
removing 2 vertex label from ripped group
deleting segment 8 with 2 points - only 0.00% unknown
mean border=88.1, 86 (86) missing vertices, mean dist 0.3 [0.9 (%18.0)->0.5 (%82.0))]
%66 local maxima, %30 large gradients and % 0 min vals, 0 gradients ignored
tol=1.0e-04, sigma=2.0, host=084d7, nav=4, nbrs=2, l_repulse=5.000, l_tspring=1.000, l_nspring=0.500, l_intensity=0.200, l_curv=1.000
mom=0.00, dt=0.50
complete_dist_mat 0
rms 0
smooth_averages 0
remove_neg 0
ico_order 0
which_surface 0
target_radius 0.000000
nfields 0
scale 0.000000
desired_rms_height 0.000000
momentum 0.000000
nbhd_size 0
max_nbrs 0
niterations 25
nsurfaces 0
SURFACES 3
flags 0 (0)
use curv 0
no sulc 0
no rigid align 0
mris->nsize 2
mris->hemisphere 1
randomSeed 0

smoothing T1 volume with sigma = 1.000
vertex spacing 0.91 +- 0.25 (0.07-->6.87) (max @ vno 80779 --> 80748)
face area 0.33 +- 0.16 (0.00-->4.64)
mean absolute distance = 0.34 +- 0.66
1989 vertices more than 2 sigmas from mean.
averaging target values for 5 iterations...
000: dt: 0.0000, sse=1339920.9, rms=5.356
001: dt: 0.5000, sse=875190.2, rms=3.200 (40.258%)
002: dt: 0.5000, sse=729894.4, rms=2.111 (34.025%)
003: dt: 0.5000, sse=691464.9, rms=1.747 (17.221%)
004: dt: 0.5000, sse=682467.7, rms=1.599 (8.491%)
rms = 1.61, time step reduction 1 of 3 to 0.250...
005: dt: 0.2500, sse=663664.8, rms=1.329 (16.901%)
006: dt: 0.2500, sse=656809.9, rms=1.198 (9.838%)
rms = 1.17, time step reduction 2 of 3 to 0.125...
007: dt: 0.2500, sse=656121.6, rms=1.173 (2.123%)
rms = 1.16, time step reduction 3 of 3 to 0.062...
008: dt: 0.1250, sse=654637.2, rms=1.159 (1.191%)
positioning took 0.7 minutes
inhibiting deformation at non-cortical midline structures...
removing 3 vertex label from ripped group
deleting segment 0 with 3 points - only 0.00% unknown
deleting segment 1 with 5 points - only 0.00% unknown
deleting segment 2 with 8 points - only 0.00% unknown
deleting segment 3 with 16 points - only 0.00% unknown
removing 1 vertex label from ripped group
deleting segment 4 with 1 points - only 0.00% unknown
deleting segment 5 with 45 points - only 0.00% unknown
deleting segment 6 with 11 points - only 0.00% unknown
removing 1 vertex label from ripped group
deleting segment 7 with 1 points - only 0.00% unknown
removing 1 vertex label from ripped group
deleting segment 8 with 1 points - only 0.00% unknown
mean border=89.8, 58 (28) missing vertices, mean dist -0.2 [0.4 (%67.6)->0.2 (%32.4))]
%76 local maxima, %20 large gradients and % 0 min vals, 0 gradients ignored
tol=1.0e-04, sigma=1.0, host=084d7, nav=2, nbrs=2, l_repulse=5.000, l_tspring=1.000, l_nspring=0.500, l_intensity=0.200, l_curv=1.000
mom=0.00, dt=0.50
smoothing T1 volume with sigma = 0.500
vertex spacing 0.90 +- 0.24 (0.09-->7.09) (max @ vno 80779 --> 80748)
face area 0.35 +- 0.17 (0.00-->5.53)
mean absolute distance = 0.26 +- 0.43
3145 vertices more than 2 sigmas from mean.
averaging target values for 5 iterations...
000: dt: 0.0000, sse=879493.8, rms=2.963
009: dt: 0.5000, sse=732338.9, rms=1.706 (42.432%)
010: dt: 0.5000, sse=704821.8, rms=1.370 (19.715%)
011: dt: 0.5000, sse=710010.8, rms=1.287 (6.048%)
rms = 1.34, time step reduction 1 of 3 to 0.250...
012: dt: 0.2500, sse=688103.1, rms=1.073 (16.611%)
013: dt: 0.2500, sse=684284.1, rms=0.987 (7.984%)
rms = 0.99, time step reduction 2 of 3 to 0.125...
rms = 0.98, time step reduction 3 of 3 to 0.062...
014: dt: 0.1250, sse=684055.7, rms=0.983 (0.390%)
positioning took 0.5 minutes
inhibiting deformation at non-cortical midline structures...
deleting segment 0 with 5 points - only 0.00% unknown
deleting segment 1 with 53 points - only 0.00% unknown
removing 1 vertex label from ripped group
deleting segment 2 with 1 points - only 0.00% unknown
deleting segment 3 with 45 points - only 0.00% unknown
deleting segment 4 with 8 points - only 0.00% unknown
removing 2 vertex label from ripped group
deleting segment 5 with 2 points - only 0.00% unknown
removing 2 vertex label from ripped group
deleting segment 6 with 2 points - only 0.00% unknown
mean border=91.4, 69 (18) missing vertices, mean dist -0.1 [0.3 (%68.9)->0.2 (%31.1))]
%85 local maxima, %11 large gradients and % 0 min vals, 0 gradients ignored
tol=1.0e-04, sigma=0.5, host=084d7, nav=1, nbrs=2, l_repulse=5.000, l_tspring=1.000, l_nspring=0.500, l_intensity=0.200, l_curv=1.000
mom=0.00, dt=0.50
smoothing T1 volume with sigma = 0.250
vertex spacing 0.89 +- 0.25 (0.13-->7.12) (max @ vno 80779 --> 80748)
face area 0.34 +- 0.17 (0.00-->5.97)
mean absolute distance = 0.22 +- 0.34
3002 vertices more than 2 sigmas from mean.
averaging target values for 5 iterations...
000: dt: 0.0000, sse=760182.0, rms=2.168
015: dt: 0.5000, sse=695571.0, rms=1.311 (39.506%)
016: dt: 0.5000, sse=680285.6, rms=1.210 (7.746%)
rms = 1.20, time step reduction 1 of 3 to 0.250...
017: dt: 0.5000, sse=678097.9, rms=1.197 (1.072%)
018: dt: 0.2500, sse=665360.6, rms=0.930 (22.248%)
rms = 0.91, time step reduction 2 of 3 to 0.125...
019: dt: 0.2500, sse=668487.6, rms=0.914 (1.814%)
rms = 0.91, time step reduction 3 of 3 to 0.062...
020: dt: 0.1250, sse=664359.2, rms=0.910 (0.389%)
positioning took 0.4 minutes
inhibiting deformation at non-cortical midline structures...
removing 1 vertex label from ripped group
deleting segment 0 with 1 points - only 0.00% unknown
removing 1 vertex label from ripped group
deleting segment 1 with 1 points - only 0.00% unknown
deleting segment 2 with 71 points - only 0.00% unknown
removing 1 vertex label from ripped group
deleting segment 3 with 1 points - only 0.00% unknown
deleting segment 4 with 41 points - only 0.00% unknown
deleting segment 5 with 9 points - only 0.00% unknown
deleting segment 6 with 8 points - only 0.00% unknown
removing 4 vertex label from ripped group
deleting segment 7 with 4 points - only 0.00% unknown
mean border=92.0, 79 (6) missing vertices, mean dist -0.0 [0.2 (%56.4)->0.2 (%43.6))]
%88 local maxima, % 8 large gradients and % 0 min vals, 0 gradients ignored
tol=1.0e-04, sigma=0.2, host=084d7, nav=0, nbrs=2, l_repulse=5.000, l_tspring=1.000, l_nspring=0.500, l_intensity=0.200, l_curv=1.000
mom=0.00, dt=0.50
writing white matter surface to /out/freesurfer/sub-THP0005/surf/rh.white...
writing smoothed curvature to rh.curv
000: dt: 0.0000, sse=664908.2, rms=1.162
021: dt: 0.5000, sse=651549.7, rms=0.846 (27.214%)
rms = 1.03, time step reduction 1 of 3 to 0.250...
022: dt: 0.2500, sse=646077.8, rms=0.757 (10.475%)
rms = 0.75, time step reduction 2 of 3 to 0.125...
023: dt: 0.2500, sse=645495.1, rms=0.751 (0.805%)
rms = 0.75, time step reduction 3 of 3 to 0.062...
024: dt: 0.1250, sse=645929.1, rms=0.747 (0.632%)
positioning took 0.3 minutes
generating cortex label...
6 non-cortical segments detected
only using segment with 6304 vertices
erasing segment 1 (vno[0] = 71813)
erasing segment 2 (vno[0] = 81445)
erasing segment 3 (vno[0] = 83638)
erasing segment 4 (vno[0] = 92237)
erasing segment 5 (vno[0] = 92281)
writing cortex label to /out/freesurfer/sub-THP0005/label/rh.cortex.label...
writing curvature file /out/freesurfer/sub-THP0005/surf/rh.curv
writing smoothed area to rh.area
writing curvature file /out/freesurfer/sub-THP0005/surf/rh.area
vertex spacing 0.89 +- 0.26 (0.06-->7.13) (max @ vno 80748 --> 80779)
face area 0.34 +- 0.16 (0.00-->6.07)
repositioning cortical surface to gray/csf boundary.
smoothing T1 volume with sigma = 2.000
averaging target values for 5 iterations...
inhibiting deformation at non-cortical midline structures...
deleting segment 0 with 17 points - only 0.00% unknown
deleting segment 4 with 83 points - only 0.00% unknown
removing 1 vertex label from ripped group
smoothing surface for 5 iterations...
reading initial pial vertex positions from white.preaparc...
mean border=69.3, 79 (79) missing vertices, mean dist 1.6 [0.0 (%0.0)->2.9 (%100.0))]
%16 local maxima, %38 large gradients and %43 min vals, 297 gradients ignored
perforing initial smooth deformation to move away from white surface
tol=1.0e-04, sigma=2.0, host=084d7, nav=16, nbrs=2, l_surf_repulse=1.000, l_tspring=1.000, l_nspring=0.500, l_intensity=0.200, l_curv=1.000
mom=0.00, dt=0.05
000: dt: 0.0000, sse=14237706.0, rms=23.343
001: dt: 0.0500, sse=12752595.0, rms=22.034 (5.608%)
002: dt: 0.0500, sse=11694287.0, rms=21.051 (4.460%)
003: dt: 0.0500, sse=10882200.0, rms=20.265 (3.736%)
004: dt: 0.0500, sse=10221228.0, rms=19.601 (3.274%)
005: dt: 0.0500, sse=9661868.0, rms=19.022 (2.957%)
006: dt: 0.0500, sse=9174183.0, rms=18.501 (2.735%)
007: dt: 0.0500, sse=8739805.0, rms=18.025 (2.573%)
008: dt: 0.0500, sse=8346967.5, rms=17.584 (2.451%)
009: dt: 0.0500, sse=7987475.5, rms=17.169 (2.356%)
010: dt: 0.0500, sse=7655307.0, rms=16.777 (2.283%)
positioning took 0.7 minutes
mean border=69.2, 66 (46) missing vertices, mean dist 1.3 [0.1 (%0.0)->2.4 (%100.0))]
%16 local maxima, %38 large gradients and %42 min vals, 294 gradients ignored
tol=1.0e-04, sigma=2.0, host=084d7, nav=16, nbrs=2, l_surf_repulse=1.000, l_tspring=1.000, l_nspring=0.500, l_intensity=0.200, l_curv=1.000
mom=0.00, dt=0.05
000: dt: 0.0000, sse=8210123.0, rms=17.427
011: dt: 0.0500, sse=7900041.5, rms=17.067 (2.066%)
012: dt: 0.0500, sse=7610504.0, rms=16.724 (2.012%)
013: dt: 0.0500, sse=7339252.0, rms=16.395 (1.963%)
014: dt: 0.0500, sse=7084468.0, rms=16.081 (1.918%)
015: dt: 0.0500, sse=6845055.5, rms=15.780 (1.874%)
016: dt: 0.0500, sse=6619647.0, rms=15.490 (1.832%)
017: dt: 0.0500, sse=6407479.0, rms=15.213 (1.790%)
018: dt: 0.0500, sse=6207501.0, rms=14.947 (1.750%)
019: dt: 0.0500, sse=6018954.0, rms=14.692 (1.709%)
020: dt: 0.0500, sse=5840889.5, rms=14.446 (1.671%)
positioning took 0.6 minutes
mean border=69.0, 65 (37) missing vertices, mean dist 1.2 [0.1 (%0.5)->2.0 (%99.5))]
%17 local maxima, %38 large gradients and %41 min vals, 287 gradients ignored
tol=1.0e-04, sigma=2.0, host=084d7, nav=16, nbrs=2, l_surf_repulse=1.000, l_tspring=1.000, l_nspring=0.500, l_intensity=0.200, l_curv=1.000
mom=0.00, dt=0.05
000: dt: 0.0000, sse=5923327.5, rms=14.566
021: dt: 0.0500, sse=5751071.0, rms=14.327 (1.645%)
022: dt: 0.0500, sse=5588514.0, rms=14.097 (1.605%)
023: dt: 0.0500, sse=5434270.0, rms=13.875 (1.573%)
024: dt: 0.0500, sse=5288493.0, rms=13.662 (1.535%)
025: dt: 0.0500, sse=5150451.5, rms=13.457 (1.500%)
026: dt: 0.0500, sse=5019473.0, rms=13.260 (1.467%)
027: dt: 0.0500, sse=4894779.0, rms=13.069 (1.439%)
028: dt: 0.0500, sse=4775288.0, rms=12.883 (1.421%)
029: dt: 0.0500, sse=4660492.5, rms=12.702 (1.405%)
030: dt: 0.0500, sse=4549949.5, rms=12.525 (1.392%)
positioning took 0.6 minutes
mean border=68.9, 80 (33) missing vertices, mean dist 1.0 [0.1 (%7.7)->1.9 (%92.3))]
%17 local maxima, %39 large gradients and %41 min vals, 276 gradients ignored
tol=1.0e-04, sigma=2.0, host=084d7, nav=16, nbrs=2, l_surf_repulse=5.000, l_tspring=1.000, l_nspring=0.500, l_intensity=0.200, l_curv=1.000
mom=0.00, dt=0.50
smoothing T1 volume with sigma = 1.000
averaging target values for 5 iterations...
000: dt: 0.0000, sse=4601066.5, rms=12.606
031: dt: 0.5000, sse=3769621.0, rms=11.196 (11.188%)
032: dt: 0.5000, sse=3138458.8, rms=9.986 (10.804%)
033: dt: 0.5000, sse=2615528.2, rms=8.859 (11.289%)
034: dt: 0.5000, sse=2191875.0, rms=7.823 (11.698%)
035: dt: 0.5000, sse=1850455.0, rms=6.874 (12.124%)
036: dt: 0.5000, sse=1585272.6, rms=6.033 (12.237%)
037: dt: 0.5000, sse=1377931.0, rms=5.286 (12.389%)
038: dt: 0.5000, sse=1236161.8, rms=4.701 (11.068%)
039: dt: 0.5000, sse=1140036.5, rms=4.264 (9.285%)
040: dt: 0.5000, sse=1080281.4, rms=3.962 (7.097%)
041: dt: 0.5000, sse=1041653.0, rms=3.758 (5.148%)
042: dt: 0.5000, sse=1019613.1, rms=3.631 (3.359%)
043: dt: 0.5000, sse=1002984.8, rms=3.539 (2.548%)
044: dt: 0.5000, sse=994802.4, rms=3.487 (1.464%)
045: dt: 0.5000, sse=985520.4, rms=3.435 (1.495%)
rms = 3.41, time step reduction 1 of 3 to 0.250...
046: dt: 0.5000, sse=983223.2, rms=3.415 (0.592%)
047: dt: 0.2500, sse=934582.9, rms=3.059 (10.418%)
048: dt: 0.2500, sse=923377.8, rms=2.980 (2.575%)
rms = 2.98, time step reduction 2 of 3 to 0.125...
rms = 2.96, time step reduction 3 of 3 to 0.062...
049: dt: 0.1250, sse=921418.3, rms=2.965 (0.519%)
positioning took 1.7 minutes
mean border=68.1, 2222 (17) missing vertices, mean dist 0.1 [0.2 (%44.4)->0.5 (%55.6))]
%29 local maxima, %30 large gradients and %36 min vals, 154 gradients ignored
tol=1.0e-04, sigma=1.0, host=084d7, nav=8, nbrs=2, l_surf_repulse=5.000, l_tspring=1.000, l_nspring=0.500, l_intensity=0.200, l_curv=1.000
mom=0.00, dt=0.50
smoothing T1 volume with sigma = 0.500
averaging target values for 5 iterations...
000: dt: 0.0000, sse=1125023.6, rms=3.402
050: dt: 0.5000, sse=1052139.6, rms=2.949 (13.314%)
051: dt: 0.5000, sse=1023718.6, rms=2.768 (6.137%)
rms = 2.79, time step reduction 1 of 3 to 0.250...
052: dt: 0.2500, sse=981067.4, rms=2.381 (13.962%)
053: dt: 0.2500, sse=963500.3, rms=2.207 (7.326%)
rms = 2.17, time step reduction 2 of 3 to 0.125...
054: dt: 0.2500, sse=959698.9, rms=2.170 (1.680%)
055: dt: 0.1250, sse=953904.8, rms=2.108 (2.838%)
rms = 2.09, time step reduction 3 of 3 to 0.062...
056: dt: 0.1250, sse=952118.2, rms=2.093 (0.724%)
positioning took 0.8 minutes
mean border=67.6, 2590 (15) missing vertices, mean dist 0.1 [0.2 (%43.4)->0.3 (%56.6))]
%38 local maxima, %22 large gradients and %35 min vals, 172 gradients ignored
tol=1.0e-04, sigma=0.5, host=084d7, nav=4, nbrs=2, l_surf_repulse=5.000, l_tspring=1.000, l_nspring=0.500, l_intensity=0.200, l_curv=1.000
mom=0.00, dt=0.50
smoothing T1 volume with sigma = 0.250
averaging target values for 5 iterations...
000: dt: 0.0000, sse=968822.1, rms=2.284
rms = 2.33, time step reduction 1 of 3 to 0.250...
057: dt: 0.2500, sse=954684.4, rms=2.149 (5.878%)
058: dt: 0.2500, sse=946178.9, rms=2.073 (3.543%)
rms = 2.06, time step reduction 2 of 3 to 0.125...
059: dt: 0.2500, sse=944279.8, rms=2.062 (0.528%)
rms = 2.02, time step reduction 3 of 3 to 0.062...
060: dt: 0.1250, sse=940061.8, rms=2.017 (2.216%)
positioning took 0.5 minutes
mean border=67.3, 4707 (12) missing vertices, mean dist 0.0 [0.2 (%45.2)->0.3 (%54.8))]
%42 local maxima, %17 large gradients and %34 min vals, 196 gradients ignored
tol=1.0e-04, sigma=0.2, host=084d7, nav=2, nbrs=2, l_surf_repulse=5.000, l_tspring=1.000, l_nspring=0.500, l_intensity=0.200, l_curv=1.000
mom=0.00, dt=0.50
writing pial surface to /out/freesurfer/sub-THP0005/surf/rh.pial...
writing smoothed curvature to rh.curv.pial
000: dt: 0.0000, sse=947331.8, rms=2.082
rms = 2.16, time step reduction 1 of 3 to 0.250...
061: dt: 0.2500, sse=939625.7, rms=2.005 (3.742%)
rms = 1.97, time step reduction 2 of 3 to 0.125...
062: dt: 0.2500, sse=934720.2, rms=1.968 (1.821%)
rms = 1.93, time step reduction 3 of 3 to 0.062...
063: dt: 0.1250, sse=931761.2, rms=1.935 (1.697%)
positioning took 0.4 minutes
writing curvature file /out/freesurfer/sub-THP0005/surf/rh.curv.pial
writing smoothed area to rh.area.pial
writing curvature file /out/freesurfer/sub-THP0005/surf/rh.area.pial
vertex spacing 0.99 +- 0.42 (0.05-->8.08) (max @ vno 52284 --> 53364)
face area 0.39 +- 0.30 (0.00-->9.19)
measuring cortical thickness...
writing cortical thickness estimate to 'thickness' file.
0 of 130108 vertices processed
25000 of 130108 vertices processed
50000 of 130108 vertices processed
75000 of 130108 vertices processed
100000 of 130108 vertices processed
125000 of 130108 vertices processed
0 of 130108 vertices processed
25000 of 130108 vertices processed
50000 of 130108 vertices processed
75000 of 130108 vertices processed
100000 of 130108 vertices processed
125000 of 130108 vertices processed
thickness calculation complete, 331:596 truncations.
30159 vertices at 0 distance
92220 vertices at 1 distance
76722 vertices at 2 distance
33087 vertices at 3 distance
11796 vertices at 4 distance
3792 vertices at 5 distance
1287 vertices at 6 distance
506 vertices at 7 distance
200 vertices at 8 distance
93 vertices at 9 distance
58 vertices at 10 distance
33 vertices at 11 distance
35 vertices at 12 distance
20 vertices at 13 distance
17 vertices at 14 distance
10 vertices at 15 distance
14 vertices at 16 distance
4 vertices at 17 distance
3 vertices at 18 distance
3 vertices at 19 distance
3 vertices at 20 distance
writing curvature file /out/freesurfer/sub-THP0005/surf/rh.thickness
positioning took 10.2 minutes
#--------------------------------------------
#@# Surf Volume rh Sat Sep 14 02:20:11 UTC 2019
/out/freesurfer/sub-THP0005/surf
/out/freesurfer/sub-THP0005/surf
mris_calc -o rh.area.mid rh.area add rh.area.pial
Saving result to 'rh.area.mid' (type = MRI_CURV_FILE)                       [ ok ]
mris_calc -o rh.area.mid rh.area.mid div 2
Saving result to 'rh.area.mid' (type = MRI_CURV_FILE)                       [ ok ]
mris_convert --volume sub-THP0005 rh /out/freesurfer/sub-THP0005/surf/rh.volume
masking with /out/freesurfer/sub-THP0005/label/rh.cortex.label
Total face volume 228343
Total vertex volume 225627 (mask=0)
#@# sub-THP0005 rh 225627
 
vertexvol Done

Started at Sat Sep 14 01:19:29 UTC 2019 
Ended   at Sat Sep 14 02:20:14 UTC 2019
#@#%# recon-all-run-time-hours 1.013
recon-all -s sub-THP0005 finished without error at Sat Sep 14 02:20:15 UTC 2019
